<?xml version="1.0" encoding="UTF-8"?>
<!-- Generated by org.testng.reporters.JUnitXMLReporter -->
<testsuite hostname="Saurabhs-MacBook-Pro.local" ignored="0" name="Default test" tests="4" failures="0" timestamp="2019-12-06T10:54:59 EST" time="22.534" errors="0">
  <testcase name="AddnewPayee_datadriven" time="6.515" classname="com.datadriven.testcases.AddPayee_DataDriven"/>
  <testcase name="AddnewPayee_datadriven" time="5.252" classname="com.datadriven.testcases.AddPayee_DataDriven"/>
  <testcase name="AddnewPayee_datadriven" time="5.015" classname="com.datadriven.testcases.AddPayee_DataDriven"/>
  <testcase name="AddnewPayee_datadriven" time="5.171" classname="com.datadriven.testcases.AddPayee_DataDriven"/>
</testsuite> <!-- Default test -->
