<?xml version="1.0" encoding="UTF-8"?>
<!-- Generated by org.testng.reporters.JUnitXMLReporter -->
<testsuite hostname="Saurabhs-MacBook-Pro.local" ignored="0" name="Test" tests="4" failures="3" timestamp="2019-12-04T01:49:39 EST" time="18.443" errors="0">
  <testcase name="login_datadriven" time="5.236" classname="com.datadriven.testcases.LoginTest_DataDriven">
    <failure type="java.lang.AssertionError" message="expected:&amp;lt;Zero - Log in&amp;gt; but was:&amp;lt;Zero - Account Summary&amp;gt;">
      <![CDATA[java.lang.AssertionError: expected:<Zero - Log in> but was:<Zero - Account Summary>
at com.datadriven.testcases.LoginTest_DataDriven.login_datadriven(LoginTest_DataDriven.java:49)
at java.util.ArrayList.forEach(ArrayList.java:1257)
... Removed 33 stack frames]]>
    </failure>
  </testcase> <!-- login_datadriven -->
  <testcase name="login_datadriven" time="4.146" classname="com.datadriven.testcases.LoginTest_DataDriven"/>
  <testcase name="login_datadriven" time="3.073" classname="com.datadriven.testcases.LoginTest_DataDriven">
    <failure type="java.lang.AssertionError" message="expected:&amp;lt;Zero - Log in&amp;gt; but was:&amp;lt;Zero - Account Summary&amp;gt;">
      <![CDATA[java.lang.AssertionError: expected:<Zero - Log in> but was:<Zero - Account Summary>
at com.datadriven.testcases.LoginTest_DataDriven.login_datadriven(LoginTest_DataDriven.java:49)
at java.util.ArrayList.forEach(ArrayList.java:1257)
... Removed 33 stack frames]]>
    </failure>
  </testcase> <!-- login_datadriven -->
  <testcase name="login_datadriven" time="3.636" classname="com.datadriven.testcases.LoginTest_DataDriven">
    <failure type="java.lang.AssertionError" message="expected:&amp;lt;Zero - Log in&amp;gt; but was:&amp;lt;Zero - Account Summary&amp;gt;">
      <![CDATA[java.lang.AssertionError: expected:<Zero - Log in> but was:<Zero - Account Summary>
at com.datadriven.testcases.LoginTest_DataDriven.login_datadriven(LoginTest_DataDriven.java:49)
at java.util.ArrayList.forEach(ArrayList.java:1257)
... Removed 33 stack frames]]>
    </failure>
  </testcase> <!-- login_datadriven -->
</testsuite> <!-- Test -->
