<?xml version="1.0" encoding="UTF-8"?>
<!-- Generated by org.testng.reporters.JUnitXMLReporter -->
<testsuite hostname="Saurabhs-MacBook-Pro.local" ignored="0" name="Test" tests="5" failures="0" timestamp="2019-12-05T17:05:27 EST" time="24.194" errors="0">
  <testcase name="loginTest" time="4.182" classname="com.testcases.TC001_LoginTest"/>
  <testcase name="PaySavedPayee" time="4.842" classname="com.testcases.TC002_PaySavedPayee"/>
  <testcase name="VerifyAddPayee" time="5.197" classname="com.testcases.TC003_VerifyAddPayee"/>
  <testcase name="verifyTransferFunds" time="4.482" classname="com.testcases.TC004_VerifyTransferFunds"/>
  <testcase name="PurchaseForeignCurrency" time="4.806" classname="com.testcases.TC005_PurchaseForeignCurrency"/>
</testsuite> <!-- Test -->
