<?xml version="1.0" encoding="UTF-8"?>
<testsuite xmlns:xsi="http://www.w3.org/2001/XMLSchema-instance" xsi:noNamespaceSchemaLocation="https://maven.apache.org/surefire/maven-surefire-plugin/xsd/surefire-test-report-3.0.xsd" version="3.0" name="TestSuite" time="16.669" tests="2" errors="0" skipped="0" failures="1">
  <properties>
[...]
</properties>
  <testcase name="loginTest" classname="com.testcases.fail.TC001_LoginTest" time="6.07"/>
  <testcase name="VerifyAddPayee" classname="com.testcases.fail.TC003_VerifyAddPayee" time="6.35">
    <failure message="expected [The new payee HydroOne Utility was successfully created.] but found [The new payee HydroOne Utility was successfully created.test]" type="java.lang.AssertionError"><![CDATA[java.lang.AssertionError: expected [The new payee HydroOne Utility was successfully created.] but found [The new payee HydroOne Utility was successfully created.test]
	at com.testcases.fail.TC003_VerifyAddPayee.VerifyAddPayee(TC003_VerifyAddPayee.java:49)
]]></failure>
    <system-err><![CDATA[Starting ChromeDriver 77.0.3865.40 (f484704e052e0b556f8030b65b953dce96503217-refs/branch-heads/3865@{#442}) on port 24239
Only local connections are allowed.
Please protect ports used by ChromeDriver and related test frameworks to prevent access by malicious code.
[1575694287.899][WARNING]: This version of ChromeDriver has not been tested with Chrome version 78.
Dec 06, 2019 11:51:28 PM org.openqa.selenium.remote.ProtocolHandshake createSession
INFO: Detected dialect: W3C
]]></system-err>
  </testcase>
</testsuite>