-------------------------------------------------------------------------------
Test set: TestSuite
-------------------------------------------------------------------------------
Tests run: 2, Failures: 1, Errors: 0, Skipped: 0, Time elapsed: 16.669 s <<< FAILURE! - in TestSuite
com.testcases.fail.TC003_VerifyAddPayee.VerifyAddPayee  Time elapsed: 6.35 s  <<< FAILURE!
java.lang.AssertionError: expected [The new payee HydroOne Utility was successfully created.] but found [The new payee HydroOne Utility was successfully created.test]
	at com.testcases.fail.TC003_VerifyAddPayee.VerifyAddPayee(TC003_VerifyAddPayee.java:49)

