<?xml version="1.0" encoding="UTF-8"?>
<testsuite xmlns:xsi="http://www.w3.org/2001/XMLSchema-instance" xsi:noNamespaceSchemaLocation="https://maven.apache.org/surefire/maven-surefire-plugin/xsd/surefire-test-report-3.0.xsd" version="3.0" name="TestSuite" time="22.59" tests="4" errors="0" skipped="0" failures="3">
  <properties>
[...]
</properties>
  <testcase name="login_datadriven" classname="com.datadriven.testcases.LoginTest_DataDriven" time="5.244">
    <failure message="expected:&lt;Zero - Log in&gt; but was:&lt;Zero - Account Summary&gt;" type="java.lang.AssertionError"><![CDATA[java.lang.AssertionError: expected:<Zero - Log in> but was:<Zero - Account Summary>
	at com.datadriven.testcases.LoginTest_DataDriven.login_datadriven(LoginTest_DataDriven.java:49)
]]></failure>
    <system-err><![CDATA[Starting ChromeDriver 77.0.3865.40 (f484704e052e0b556f8030b65b953dce96503217-refs/branch-heads/3865@{#442}) on port 13814
Only local connections are allowed.
Please protect ports used by ChromeDriver and related test frameworks to prevent access by malicious code.
[1575442163.621][WARNING]: This version of ChromeDriver has not been tested with Chrome version 78.
[1575442164.036][WARNING]: This version of ChromeDriver has not been tested with Chrome version 78.
Dec 04, 2019 1:49:24 AM org.openqa.selenium.remote.ProtocolHandshake createSession
INFO: Detected dialect: W3C
]]></system-err>
  </testcase>
  <testcase name="login_datadriven" classname="com.datadriven.testcases.LoginTest_DataDriven" time="4.148"/>
  <testcase name="login_datadriven" classname="com.datadriven.testcases.LoginTest_DataDriven" time="3.071">
    <failure message="expected:&lt;Zero - Log in&gt; but was:&lt;Zero - Account Summary&gt;" type="java.lang.AssertionError"><![CDATA[java.lang.AssertionError: expected:<Zero - Log in> but was:<Zero - Account Summary>
	at com.datadriven.testcases.LoginTest_DataDriven.login_datadriven(LoginTest_DataDriven.java:49)
]]></failure>
    <system-err><![CDATA[Starting ChromeDriver 77.0.3865.40 (f484704e052e0b556f8030b65b953dce96503217-refs/branch-heads/3865@{#442}) on port 13831
Only local connections are allowed.
Please protect ports used by ChromeDriver and related test frameworks to prevent access by malicious code.
[1575442172.542][WARNING]: This version of ChromeDriver has not been tested with Chrome version 78.
Dec 04, 2019 1:49:32 AM org.openqa.selenium.remote.ProtocolHandshake createSession
INFO: Detected dialect: W3C
]]></system-err>
  </testcase>
  <testcase name="login_datadriven" classname="com.datadriven.testcases.LoginTest_DataDriven" time="3.635">
    <failure message="expected:&lt;Zero - Log in&gt; but was:&lt;Zero - Account Summary&gt;" type="java.lang.AssertionError"><![CDATA[java.lang.AssertionError: expected:<Zero - Log in> but was:<Zero - Account Summary>
	at com.datadriven.testcases.LoginTest_DataDriven.login_datadriven(LoginTest_DataDriven.java:49)
]]></failure>
    <system-err><![CDATA[Starting ChromeDriver 77.0.3865.40 (f484704e052e0b556f8030b65b953dce96503217-refs/branch-heads/3865@{#442}) on port 18745
Only local connections are allowed.
Please protect ports used by ChromeDriver and related test frameworks to prevent access by malicious code.
[1575442176.486][WARNING]: This version of ChromeDriver has not been tested with Chrome version 78.
Dec 04, 2019 1:49:36 AM org.openqa.selenium.remote.ProtocolHandshake createSession
INFO: Detected dialect: W3C
]]></system-err>
  </testcase>
</testsuite>