<?xml version="1.0" encoding="UTF-8"?>
<testng-results skipped="0" failed="1" ignored="0" total="5" passed="4">
  <reporter-output>
    <line>
      <![CDATA[Click to see Screenshot]]>
    </line>
    <line>
      <![CDATA[<a target= "blank" href=null-03-12-2019 4:43:1.png>Screenshot</a>]]>
    </line>
    <line>
      <![CDATA[<br>]]>
    </line>
    <line>
      <![CDATA[<br>]]>
    </line>
    <line>
      <![CDATA[<a target= "_blank" href=null-03-12-2019 4:43:1.png><img src=null-03-12-2019 4:43:1.png height=200 width=200></img></a>]]>
    </line>
  </reporter-output>
  <suite name="AutomationFramework" duration-ms="26779" started-at="2019-12-03T16:42:35 EST" finished-at="2019-12-03T16:43:01 EST">
    <groups>
    </groups>
    <test name="Test" duration-ms="26779" started-at="2019-12-03T16:42:35 EST" finished-at="2019-12-03T16:43:01 EST">
      <class name="com.testcases.TC003_VerifyAddPayee">
        <test-method status="PASS" signature="VerifyAddPayee()[pri:3, instance:com.testcases.TC003_VerifyAddPayee@2053d869]" name="VerifyAddPayee" duration-ms="6054" started-at="2019-12-03T16:42:45 EST" finished-at="2019-12-03T16:42:52 EST">
          <reporter-output>
          </reporter-output>
        </test-method> <!-- VerifyAddPayee -->
      </class> <!-- com.testcases.TC003_VerifyAddPayee -->
      <class name="com.testcases.TC005_PurchaseForeignCurrency">
        <test-method status="PASS" signature="PurchaseForeignCurrency()[pri:5, instance:com.testcases.TC005_PurchaseForeignCurrency@1e683a3e]" name="PurchaseForeignCurrency" duration-ms="5146" started-at="2019-12-03T16:42:40 EST" finished-at="2019-12-03T16:42:45 EST">
          <reporter-output>
          </reporter-output>
        </test-method> <!-- PurchaseForeignCurrency -->
      </class> <!-- com.testcases.TC005_PurchaseForeignCurrency -->
      <class name="com.testcases.TC002_PaySavedPayee">
        <test-method status="PASS" signature="PaySavedPayee()[pri:2, instance:com.testcases.TC002_PaySavedPayee@7a419da4]" name="PaySavedPayee" duration-ms="5122" started-at="2019-12-03T16:42:52 EST" finished-at="2019-12-03T16:42:57 EST">
          <reporter-output>
          </reporter-output>
        </test-method> <!-- PaySavedPayee -->
      </class> <!-- com.testcases.TC002_PaySavedPayee -->
      <class name="com.testcases.TC001_LoginTest">
        <test-method status="PASS" signature="loginTest()[pri:1, instance:com.testcases.TC001_LoginTest@2b48a640]" name="loginTest" duration-ms="5190" started-at="2019-12-03T16:42:35 EST" finished-at="2019-12-03T16:42:40 EST">
          <reporter-output>
          </reporter-output>
        </test-method> <!-- loginTest -->
      </class> <!-- com.testcases.TC001_LoginTest -->
      <class name="com.testcases.TC004_VerifyTransferFunds">
        <test-method status="FAIL" signature="verifyTransferFunds()[pri:4, instance:com.testcases.TC004_VerifyTransferFunds@14555e0a]" name="verifyTransferFunds" duration-ms="3885" started-at="2019-12-03T16:42:57 EST" finished-at="2019-12-03T16:43:01 EST">
          <exception class="org.openqa.selenium.NoSuchElementException">
            <message>
              <![CDATA[Cannot locate option with value: 13
For documentation on this error, please visit: https://www.seleniumhq.org/exceptions/no_such_element.html
Build info: version: '3.141.59', revision: 'e82be7d358', time: '2018-11-14T08:17:03'
System info: host: 'Saurabhs-MacBook-Pro.local', ip: '192.168.2.12', os.name: 'Mac OS X', os.arch: 'x86_64', os.version: '10.14.6', java.version: '1.8.0_231'
Driver info: driver.version: unknown]]>
            </message>
            <full-stacktrace>
              <![CDATA[org.openqa.selenium.NoSuchElementException: Cannot locate option with value: 13
For documentation on this error, please visit: https://www.seleniumhq.org/exceptions/no_such_element.html
Build info: version: '3.141.59', revision: 'e82be7d358', time: '2018-11-14T08:17:03'
System info: host: 'Saurabhs-MacBook-Pro.local', ip: '192.168.2.12', os.name: 'Mac OS X', os.arch: 'x86_64', os.version: '10.14.6', java.version: '1.8.0_231'
Driver info: driver.version: unknown
at org.openqa.selenium.support.ui.Select.findOptionsByValue(Select.java:283)
at org.openqa.selenium.support.ui.Select.selectByValue(Select.java:186)
at com.testcases.TC004_VerifyTransferFunds.verifyTransferFunds(TC004_VerifyTransferFunds.java:40)
at sun.reflect.NativeMethodAccessorImpl.invoke0(Native Method)
at sun.reflect.NativeMethodAccessorImpl.invoke(NativeMethodAccessorImpl.java:62)
at sun.reflect.DelegatingMethodAccessorImpl.invoke(DelegatingMethodAccessorImpl.java:43)
at java.lang.reflect.Method.invoke(Method.java:498)
at org.testng.internal.MethodInvocationHelper.invokeMethod(MethodInvocationHelper.java:133)
at org.testng.internal.TestInvoker.invokeMethod(TestInvoker.java:584)
at org.testng.internal.TestInvoker.invokeTestMethod(TestInvoker.java:172)
at org.testng.internal.MethodRunner.runInSequence(MethodRunner.java:46)
at org.testng.internal.TestInvoker$MethodInvocationAgent.invoke(TestInvoker.java:804)
at org.testng.internal.TestInvoker.invokeTestMethods(TestInvoker.java:145)
at org.testng.internal.TestMethodWorker.invokeTestMethods(TestMethodWorker.java:146)
at org.testng.internal.TestMethodWorker.run(TestMethodWorker.java:128)
at java.util.ArrayList.forEach(ArrayList.java:1257)
at org.testng.TestRunner.privateRun(TestRunner.java:770)
at org.testng.TestRunner.run(TestRunner.java:591)
at org.testng.SuiteRunner.runTest(SuiteRunner.java:402)
at org.testng.SuiteRunner.runSequentially(SuiteRunner.java:396)
at org.testng.SuiteRunner.privateRun(SuiteRunner.java:355)
at org.testng.SuiteRunner.run(SuiteRunner.java:304)
at org.testng.SuiteRunnerWorker.runSuite(SuiteRunnerWorker.java:53)
at org.testng.SuiteRunnerWorker.run(SuiteRunnerWorker.java:96)
at org.testng.TestNG.runSuitesSequentially(TestNG.java:1180)
at org.testng.TestNG.runSuitesLocally(TestNG.java:1102)
at org.testng.TestNG.runSuites(TestNG.java:1032)
at org.testng.TestNG.run(TestNG.java:1000)
at org.testng.remote.AbstractRemoteTestNG.run(AbstractRemoteTestNG.java:115)
at org.testng.remote.RemoteTestNG.initAndRun(RemoteTestNG.java:251)
at org.testng.remote.RemoteTestNG.main(RemoteTestNG.java:77)
]]>
            </full-stacktrace>
          </exception> <!-- org.openqa.selenium.NoSuchElementException -->
          <reporter-output>
            <line>
              <![CDATA[Click to see Screenshot]]>
            </line>
            <line>
              <![CDATA[<a target= "blank" href=null-03-12-2019 4:43:1.png>Screenshot</a>]]>
            </line>
            <line>
              <![CDATA[<br>]]>
            </line>
            <line>
              <![CDATA[<br>]]>
            </line>
            <line>
              <![CDATA[<a target= "_blank" href=null-03-12-2019 4:43:1.png><img src=null-03-12-2019 4:43:1.png height=200 width=200></img></a>]]>
            </line>
          </reporter-output>
        </test-method> <!-- verifyTransferFunds -->
      </class> <!-- com.testcases.TC004_VerifyTransferFunds -->
    </test> <!-- Test -->
  </suite> <!-- AutomationFramework -->
</testng-results>
