<?xml version="1.0" encoding="UTF-8"?>
<testng-results skipped="0" failed="0" ignored="0" total="2" passed="2">
  <reporter-output>
  </reporter-output>
  <suite name="Suite" duration-ms="9438" started-at="2019-11-29T16:31:15 EST" finished-at="2019-11-29T16:31:24 EST">
    <groups>
    </groups>
    <test name="Test" duration-ms="9438" started-at="2019-11-29T16:31:15 EST" finished-at="2019-11-29T16:31:24 EST">
      <class name="com.testcases.LoginTest">
        <test-method status="PASS" signature="loginTest()[pri:0, instance:com.testcases.LoginTest@78691363]" name="loginTest" duration-ms="6620" started-at="2019-11-29T16:31:15 EST" finished-at="2019-11-29T16:31:22 EST">
          <reporter-output>
          </reporter-output>
        </test-method> <!-- loginTest -->
      </class> <!-- com.testcases.LoginTest -->
      <class name="com.testcases.SignInTest">
        <test-method status="PASS" signature="signInTest()[pri:0, instance:com.testcases.SignInTest@41d477ed]" name="signInTest" duration-ms="2772" started-at="2019-11-29T16:31:22 EST" finished-at="2019-11-29T16:31:24 EST">
          <reporter-output>
          </reporter-output>
        </test-method> <!-- signInTest -->
      </class> <!-- com.testcases.SignInTest -->
    </test> <!-- Test -->
  </suite> <!-- Suite -->
</testng-results>
